(1436509052.249713) vcan0 044#2A366C2BBA
(1436509052.449847) vcan0 0F6#7ADFE07BD2
(1436509052.650004) vcan0 236#C3406B09F4C88036
(1436509052.850131) vcan0 6F1#98508676A32734
(1436509053.050284) vcan0 17F#C7
(1436509053.250417) vcan0 25B#6EAAC56C77D15E27
(1436509053.450557) vcan0 56E#46F02E79A2B28C7C
(1436509053.650713) vcan0 19E#6FE1CB7DE2218456
(1436509053.850870) vcan0 1A0#9C20407F96EA167B
(1436509054.051025) vcan0 6DE#68FF147114D1
(1436509055.051025) vcan0 0B0#0001000100000000
(1436509056.051025) vcan0 0B2#0001000100000000
(1436509057.051025) vcan0 0B4#0000000000000000
(1436509058.051025) vcan0 224#0000000000000000
(1436509059.051025) vcan0 2c1#000000000000000F
(1436509060.051025) vcan0 2C4#000F000000000000
(1436509061.051025) vcan0 398#000F
(1436509062.051025) vcan0 2C4#0010000000000000
(1436509063.051025) vcan0 2C4#0020000000000000
(1436509064.051025) vcan0 2C4#0030000000000000
(1436509065.051025) vcan0 2C4#0040000000000000
(1436509066.051025) vcan0 2C4#0050000000000000

